2024-07-19T13:21:12.289+0100 [INFO]  Terraform version: 1.9.2
2024-07-19T13:21:12.289+0100 [DEBUG] using github.com/hashicorp/go-tfe v1.51.0
2024-07-19T13:21:12.289+0100 [DEBUG] using github.com/hashicorp/hcl/v2 v2.20.0
2024-07-19T13:21:12.289+0100 [DEBUG] using github.com/hashicorp/terraform-svchost v0.1.1
2024-07-19T13:21:12.289+0100 [DEBUG] using github.com/zclconf/go-cty v1.14.4
2024-07-19T13:21:12.289+0100 [INFO]  Go runtime version: go1.22.4
2024-07-19T13:21:12.289+0100 [INFO]  CLI args: []string{"terraform", "apply"}
2024-07-19T13:21:12.289+0100 [DEBUG] Attempting to open CLI config file: /Users/macos/.terraformrc
2024-07-19T13:21:12.289+0100 [DEBUG] File doesn't exist, but doesn't need to. Ignoring.
2024-07-19T13:21:12.291+0100 [DEBUG] ignoring non-existing provider search directory terraform.d/plugins
2024-07-19T13:21:12.291+0100 [DEBUG] ignoring non-existing provider search directory /Users/macos/.terraform.d/plugins
2024-07-19T13:21:12.291+0100 [DEBUG] ignoring non-existing provider search directory /Users/macos/Library/Application Support/io.terraform/plugins
2024-07-19T13:21:12.291+0100 [DEBUG] ignoring non-existing provider search directory /Library/Application Support/io.terraform/plugins
2024-07-19T13:21:12.291+0100 [INFO]  CLI command args: []string{"apply"}
2024-07-19T13:21:12.555+0100 [DEBUG] checking for provisioner in "."
2024-07-19T13:21:12.572+0100 [DEBUG] checking for provisioner in "/usr/local/bin"
2024-07-19T13:21:12.593+0100 [INFO]  backend/local: starting Apply operation
2024-07-19T13:21:12.633+0100 [DEBUG] created provider logger: level=debug
2024-07-19T13:21:12.639+0100 [INFO]  provider: configuring client automatic mTLS
2024-07-19T13:21:12.677+0100 [DEBUG] provider: starting plugin: path=.terraform/providers/registry.terraform.io/huaweicloud/huaweicloud/1.66.3/darwin_amd64/terraform-provider-huaweicloud_v1.66.3 args=[".terraform/providers/registry.terraform.io/huaweicloud/huaweicloud/1.66.3/darwin_amd64/terraform-provider-huaweicloud_v1.66.3"]
2024-07-19T13:21:12.687+0100 [DEBUG] provider: plugin started: path=.terraform/providers/registry.terraform.io/huaweicloud/huaweicloud/1.66.3/darwin_amd64/terraform-provider-huaweicloud_v1.66.3 pid=12432
2024-07-19T13:21:12.687+0100 [DEBUG] provider: waiting for RPC address: plugin=.terraform/providers/registry.terraform.io/huaweicloud/huaweicloud/1.66.3/darwin_amd64/terraform-provider-huaweicloud_v1.66.3
2024-07-19T13:21:12.712+0100 [INFO]  provider.terraform-provider-huaweicloud_v1.66.3: configuring server automatic mTLS: timestamp="2024-07-19T13:21:12.712+0100"
2024-07-19T13:21:12.752+0100 [DEBUG] provider.terraform-provider-huaweicloud_v1.66.3: plugin address: address=/var/folders/fx/qgw4wmh90qq1b80xjd4rsfsr0000gn/T/plugin4275945684 network=unix timestamp="2024-07-19T13:21:12.752+0100"
2024-07-19T13:21:12.752+0100 [DEBUG] provider: using plugin: version=5
2024-07-19T13:21:13.071+0100 [DEBUG] provider.stdio: received EOF, stopping recv loop: err="rpc error: code = Unavailable desc = error reading from server: EOF"
2024-07-19T13:21:13.074+0100 [INFO]  provider: plugin process exited: plugin=.terraform/providers/registry.terraform.io/huaweicloud/huaweicloud/1.66.3/darwin_amd64/terraform-provider-huaweicloud_v1.66.3 id=12432
2024-07-19T13:21:13.090+0100 [DEBUG] provider: plugin exited
2024-07-19T13:21:13.099+0100 [DEBUG] Building and walking validate graph
2024-07-19T13:21:13.116+0100 [DEBUG] ProviderTransformer: "huaweicloud_vpc.example" (*terraform.NodeValidatableResource) needs provider["registry.terraform.io/huaweicloud/huaweicloud"]
2024-07-19T13:21:13.119+0100 [DEBUG] ReferenceTransformer: "huaweicloud_vpc.example" references: []
2024-07-19T13:21:13.119+0100 [DEBUG] ReferenceTransformer: "var.secret_key" references: []
2024-07-19T13:21:13.119+0100 [DEBUG] ReferenceTransformer: "var.region" references: []
2024-07-19T13:21:13.119+0100 [DEBUG] ReferenceTransformer: "var.access_key" references: []
2024-07-19T13:21:13.120+0100 [DEBUG] ReferenceTransformer: "provider[\"registry.terraform.io/huaweicloud/huaweicloud\"]" references: [var.region var.access_key var.secret_key]
2024-07-19T13:21:13.121+0100 [DEBUG] Starting graph walk: walkValidate
2024-07-19T13:21:13.129+0100 [DEBUG] created provider logger: level=debug
2024-07-19T13:21:13.129+0100 [INFO]  provider: configuring client automatic mTLS
2024-07-19T13:21:13.137+0100 [DEBUG] provider: starting plugin: path=.terraform/providers/registry.terraform.io/huaweicloud/huaweicloud/1.66.3/darwin_amd64/terraform-provider-huaweicloud_v1.66.3 args=[".terraform/providers/registry.terraform.io/huaweicloud/huaweicloud/1.66.3/darwin_amd64/terraform-provider-huaweicloud_v1.66.3"]
2024-07-19T13:21:13.150+0100 [DEBUG] provider: plugin started: path=.terraform/providers/registry.terraform.io/huaweicloud/huaweicloud/1.66.3/darwin_amd64/terraform-provider-huaweicloud_v1.66.3 pid=12433
2024-07-19T13:21:13.151+0100 [DEBUG] provider: waiting for RPC address: plugin=.terraform/providers/registry.terraform.io/huaweicloud/huaweicloud/1.66.3/darwin_amd64/terraform-provider-huaweicloud_v1.66.3
2024-07-19T13:21:13.184+0100 [INFO]  provider.terraform-provider-huaweicloud_v1.66.3: configuring server automatic mTLS: timestamp="2024-07-19T13:21:13.184+0100"
2024-07-19T13:21:13.264+0100 [DEBUG] provider.terraform-provider-huaweicloud_v1.66.3: plugin address: address=/var/folders/fx/qgw4wmh90qq1b80xjd4rsfsr0000gn/T/plugin514150743 network=unix timestamp="2024-07-19T13:21:13.263+0100"
2024-07-19T13:21:13.264+0100 [DEBUG] provider: using plugin: version=5
2024-07-19T13:21:13.531+0100 [DEBUG] provider.stdio: received EOF, stopping recv loop: err="rpc error: code = Unavailable desc = error reading from server: EOF"
2024-07-19T13:21:13.536+0100 [INFO]  provider: plugin process exited: plugin=.terraform/providers/registry.terraform.io/huaweicloud/huaweicloud/1.66.3/darwin_amd64/terraform-provider-huaweicloud_v1.66.3 id=12433
2024-07-19T13:21:13.552+0100 [DEBUG] provider: plugin exited
2024-07-19T13:21:13.552+0100 [INFO]  backend/local: apply calling Plan
2024-07-19T13:21:13.553+0100 [DEBUG] Building and walking plan graph for NormalMode
2024-07-19T13:21:13.555+0100 [DEBUG] ProviderTransformer: "huaweicloud_vpc.example (expand)" (*terraform.nodeExpandPlannableResource) needs provider["registry.terraform.io/huaweicloud/huaweicloud"]
2024-07-19T13:21:13.556+0100 [DEBUG] ReferenceTransformer: "huaweicloud_vpc.example (expand)" references: []
2024-07-19T13:21:13.556+0100 [DEBUG] ReferenceTransformer: "var.access_key" references: []
2024-07-19T13:21:13.556+0100 [DEBUG] ReferenceTransformer: "var.secret_key" references: []
2024-07-19T13:21:13.556+0100 [DEBUG] ReferenceTransformer: "var.region" references: []
2024-07-19T13:21:13.556+0100 [DEBUG] ReferenceTransformer: "provider[\"registry.terraform.io/huaweicloud/huaweicloud\"]" references: [var.secret_key var.region var.access_key]
2024-07-19T13:21:13.556+0100 [DEBUG] Starting graph walk: walkPlan
2024-07-19T13:21:13.558+0100 [DEBUG] created provider logger: level=debug
2024-07-19T13:21:13.558+0100 [INFO]  provider: configuring client automatic mTLS
2024-07-19T13:21:13.564+0100 [DEBUG] provider: starting plugin: path=.terraform/providers/registry.terraform.io/huaweicloud/huaweicloud/1.66.3/darwin_amd64/terraform-provider-huaweicloud_v1.66.3 args=[".terraform/providers/registry.terraform.io/huaweicloud/huaweicloud/1.66.3/darwin_amd64/terraform-provider-huaweicloud_v1.66.3"]
2024-07-19T13:21:13.572+0100 [DEBUG] provider: plugin started: path=.terraform/providers/registry.terraform.io/huaweicloud/huaweicloud/1.66.3/darwin_amd64/terraform-provider-huaweicloud_v1.66.3 pid=12437
2024-07-19T13:21:13.574+0100 [DEBUG] provider: waiting for RPC address: plugin=.terraform/providers/registry.terraform.io/huaweicloud/huaweicloud/1.66.3/darwin_amd64/terraform-provider-huaweicloud_v1.66.3
2024-07-19T13:21:13.597+0100 [INFO]  provider.terraform-provider-huaweicloud_v1.66.3: configuring server automatic mTLS: timestamp="2024-07-19T13:21:13.597+0100"
2024-07-19T13:21:13.634+0100 [DEBUG] provider: using plugin: version=5
2024-07-19T13:21:13.634+0100 [DEBUG] provider.terraform-provider-huaweicloud_v1.66.3: plugin address: address=/var/folders/fx/qgw4wmh90qq1b80xjd4rsfsr0000gn/T/plugin1778886294 network=unix timestamp="2024-07-19T13:21:13.634+0100"
2024-07-19T13:21:13.898+0100 [WARN]  ValidateProviderConfig from "provider[\"registry.terraform.io/huaweicloud/huaweicloud\"]" changed the config value, but that value is unused
2024-07-19T13:21:13.901+0100 [DEBUG] provider.terraform-provider-huaweicloud_v1.66.3: customer endpoints: map[]: timestamp="2024-07-19T13:21:13.901+0100"
2024-07-19T13:21:16.107+0100 [DEBUG] provider.terraform-provider-huaweicloud_v1.66.3: [1721391673901-1] API Request URL: GET https://iam.ap-southeast-1.myhuaweicloud.com/v3/projects?name=ap-southeast-1
API Request Headers:
Accept: application/json
Authorization: ***
User-Agent: terraform-provider-iac golangsdk/2.0.0
X-Sdk-Date: 20240719T122113Z: timestamp="2024-07-19T13:21:16.107+0100"
2024-07-19T13:21:16.107+0100 [DEBUG] provider.terraform-provider-huaweicloud_v1.66.3: [1721391673901-1] API Response Code: 401
API Response Headers:
Connection: keep-alive
Content-Type: application/json
Date: Fri, 19 Jul 2024 12:21:18 GMT
Server: CloudWAF
Set-Cookie: HWWAFSESID=e47ce7926efd943c5d; path=/
Set-Cookie: HWWAFSESTIME=1721391673410; path=/
Strict-Transport-Security: max-age=31536000; includeSubdomains;
X-Content-Type-Options: nosniff
X-Download-Options: noopen
X-Frame-Options: SAMEORIGIN
X-Request-Id: 0f252396e41469deb8243550b4625da4
X-Xss-Protection: 1; mode=block;: timestamp="2024-07-19T13:21:16.107+0100"
2024-07-19T13:21:16.107+0100 [DEBUG] provider.terraform-provider-huaweicloud_v1.66.3: [1721391673901-1] API Response Body: {
  "error_code": "APIGW.0301",
  "error_msg": "Incorrect IAM authentication information: verify ak sk signature failed, canonical_request:GET|/v3/projects/|name=ap-southeast-1|accept:application/json|user-agent:terraform-provider-iac golangsdk/2.0.0|x-sdk-date:20240719T122113Z||accept;user-agent;x-sdk-date|e3b0c44298fc1c149afbf4c8996fb92427ae41e4649b934ca495991b7852b855",
  "request_id": "0f252396e41469deb8243550b4625da4"
}: timestamp="2024-07-19T13:21:16.107+0100"
2024-07-19T13:21:16.107+0100 [ERROR] provider.terraform-provider-huaweicloud_v1.66.3: Response contains error diagnostic: diagnostic_detail="" diagnostic_summary="Authentication failed" tf_proto_version=5.3 tf_req_id=8859b53f-e8d3-9441-61fc-c89d73aa66ed @caller=github.com/hashicorp/terraform-plugin-go@v0.14.0/tfprotov5/internal/diag/diagnostics.go:55 @module=sdk.proto diagnostic_severity=ERROR tf_provider_addr=provider tf_rpc=Configure timestamp="2024-07-19T13:21:16.107+0100"
2024-07-19T13:21:16.109+0100 [ERROR] vertex "provider[\"registry.terraform.io/huaweicloud/huaweicloud\"]" error: Authentication failed
2024-07-19T13:21:16.109+0100 [WARN]  Planning encountered errors, so plan is not applyable
[31m╷[0m[0m
[31m│[0m [0m[1m[31mError: [0m[0m[1mAuthentication failed[0m
[31m│[0m [0m
[31m│[0m [0m[0m  with provider["registry.terraform.io/huaweicloud/huaweicloud"],
[31m│[0m [0m  on provider.tf line 10, in provider "huaweicloud":
[31m│[0m [0m  10: provider "huaweicloud" [4m{[0m[0m
[31m│[0m [0m
[31m╵[0m[0m
2024-07-19T13:21:16.117+0100 [DEBUG] provider.stdio: received EOF, stopping recv loop: err="rpc error: code = Unavailable desc = error reading from server: EOF"
2024-07-19T13:21:16.121+0100 [INFO]  provider: plugin process exited: plugin=.terraform/providers/registry.terraform.io/huaweicloud/huaweicloud/1.66.3/darwin_amd64/terraform-provider-huaweicloud_v1.66.3 id=12437
2024-07-19T13:21:16.137+0100 [DEBUG] provider: plugin exited
